[10/05/2024][01:40:30]: ERROR. Se ha producido un error en la aplicación: El nombre del jugador que has introducido no es válido
[10/05/2024][01:40:35]: ERROR. Se ha producido un error en la aplicación: El nombre del jugador que has introducido no es válido
[10/05/2024][01:40:51]: ERROR. Se ha producido un error en la aplicación: El nombre del jugador que has introducido no es válido
[10/05/2024][01:41:48]: ERROR. Se ha producido un error en la aplicación: El nombre del jugador que has introducido no es válido
[10/05/2024][01:42:03]: ERROR. Se ha producido un error en la aplicación: El nombre del jugador que has introducido no es válido
[10/05/2024][01:42:54]: ERROR. Se ha producido un error en la aplicación: El nombre del jugador que has introducido no es válido
[10/05/2024][01:43:02]: ERROR. Se ha producido un error en la aplicación: El nombre del jugador que has introducido no es válido
[10/05/2024][01:43:23]: ERROR. Se ha producido un error en la aplicación: El nombre del jugador que has introducido no es válido
[10/05/2024][01:46:01]: ERROR. Se ha producido un error en la aplicación: El nombre del jugador que has introducido no es válido
[10/05/2024][01:49:35]: Se ha añadido el jugador: MARIANA
[10/05/2024][01:55:12]: ERROR. Se ha producido un error en la aplicación: El nombre del jugador que has introducido no es válido
[10/05/2024][01:55:55]: Se ha añadido el jugador: 
[10/05/2024][01:57:04]: Se ha añadido el jugador: 
[10/05/2024][01:57:44]: Se ha añadido el jugador: 
[10/05/2024][01:59:00]: ERROR. Se ha producido un error en la aplicación: El nombre del jugador que has introducido no es válido
[10/05/2024][01:59:42]: Se ha añadido el jugador: POLOLO
[10/05/2024][02:00:12]: Se ha añadido el jugador: HAISDFGUSAOZHBDFASOUIBDVOUSDGVAYSUDGCOUA
[10/05/2024][02:07:13]: ERROR. Se ha producido un error en la aplicación: El nombre del jugador que has introducido no es válido
[10/05/2024][02:17:51]: ERROR. Se ha producido un error en la aplicación: El nombre del jugador que has introducido no es válido
[10/05/2024][02:17:57]: ERROR. Se ha producido un error en la aplicación: El nombre del jugador que has introducido no es válido
[10/05/2024][02:18:03]: ERROR. Se ha producido un error en la aplicación: El nombre del jugador que has introducido no es válido
[10/05/2024][02:18:04]: Se ha añadido el jugador: CPU123A
[10/05/2024][02:29:07]: Se ha añadido el jugador: JUAASDF
[10/05/2024][02:33:52]: ERROR. Se ha producido un error en la aplicación: El nombre del jugador que has introducido no es válido
[10/05/2024][02:34:01]: ERROR. Se ha producido un error en la aplicación: El nombre del jugador que has introducido no es válido
[10/05/2024][02:34:13]: Se ha eliminado el jugador: JAS
[10/05/2024][02:34:20]: ERROR. Se ha producido un error en la aplicación: El nombre del jugador que has introducido no es válido
[10/05/2024][02:34:29]: Se ha eliminado el jugador: MARIANA
[10/05/2024][02:34:36]: Se ha añadido el jugador: MARIANA
